#
# There is insufficient memory for the Java Runtime Environment to continue.
# Native memory allocation (mmap) failed to map 266338304 bytes for Failed to commit area from 0x0000000703e00000 to 0x0000000713c00000 of length 266338304.
# Possible reasons:
#   The system is out of physical RAM or swap space
#   The process is running with CompressedOops enabled, and the Java Heap may be blocking the growth of the native heap
# Possible solutions:
#   Reduce memory load on the system
#   Increase physical memory or swap space
#   Check if swap backing store is full
#   Decrease Java heap size (-Xmx/-Xms)
#   Decrease number of Java threads
#   Decrease Java thread stack sizes (-Xss)
#   Set larger code cache with -XX:ReservedCodeCacheSize=
# This output file may be truncated or incomplete.
#
#  Out of Memory Error (./open/src/hotspot/os/windows/os_windows.cpp:3284), pid=15100, tid=23236
#
# JRE version:  (11.0.14+8) (build )
# Java VM: Java HotSpot(TM) 64-Bit Server VM (11.0.14+8-LTS-263, mixed mode, sharing, tiered, compressed oops, g1 gc, windows-amd64)
# No core dump will be written. Minidumps are not enabled by default on client versions of Windows
#

---------------  S U M M A R Y ------------

Command Line: -Dfile.encoding=MS949 rentalShop.UI

Host: Intel(R) Core(TM) i7-10510U CPU @ 1.80GHz, 8 cores, 15G,  Windows 11 , 64 bit Build 22000 (10.0.22000.675)
Time: Tue May 24 17:34:14 2022 대한민국 표준시 elapsed time: 0.051913 seconds (0d 0h 0m 0s)

---------------  T H R E A D  ---------------

Current thread (0x0000020b6b086800):  JavaThread "Unknown thread" [_thread_in_vm, id=23236, stack(0x000000da99100000,0x000000da99200000)]

Stack: [0x000000da99100000,0x000000da99200000]
Native frames: (J=compiled Java code, j=interpreted, Vv=VM code, C=native code)
V  [jvm.dll+0x6296da]
V  [jvm.dll+0x76323f]
V  [jvm.dll+0x7648e9]
V  [jvm.dll+0x764f73]
V  [jvm.dll+0x23d7c8]
V  [jvm.dll+0x626a5a]
V  [jvm.dll+0x61b7f5]
V  [jvm.dll+0x2f262c]
V  [jvm.dll+0x2f24b2]
V  [jvm.dll+0x2f71d6]
V  [jvm.dll+0x339bdf]
V  [jvm.dll+0x339610]
V  [jvm.dll+0x2cfc48]
V  [jvm.dll+0x2d0db6]
V  [jvm.dll+0x73d857]
V  [jvm.dll+0x73f0ef]
V  [jvm.dll+0x346909]
V  [jvm.dll+0x723160]
V  [jvm.dll+0x3b551f]
V  [jvm.dll+0x3b7631]
C  [jli.dll+0x5207]
C  [ucrtbase.dll+0x26c0c]
C  [KERNEL32.DLL+0x154e0]
C  [ntdll.dll+0x485b]


---------------  P R O C E S S  ---------------

Threads class SMR info:
_java_thread_list=0x0000020b69580b10, length=0, elements={
}

Java Threads: ( => current thread )

Other Threads:
  0x0000020b6b09b800 GCTaskThread "GC Thread#0" [stack: 0x000000da99200000,0x000000da99300000] [id=24460]
  0x0000020b6b0f8000 ConcurrentGCThread "G1 Main Marker" [stack: 0x000000da99300000,0x000000da99400000] [id=4044]
  0x0000020b6b0fd800 ConcurrentGCThread "G1 Conc#0" [stack: 0x000000da99400000,0x000000da99500000] [id=21472]

[error occurred during error reporting (printing all threads), id 0xc0000005, EXCEPTION_ACCESS_VIOLATION (0xc0000005) at pc=0x00007ffd3b67eed7]

VM state:not at safepoint (not fully initialized)

VM Mutex/Monitor currently owned by a thread:  ([mutex/lock_event])
[0x0000020b6b0814a0] Heap_lock - owner thread: 0x0000020b6b086800

Heap address: 0x0000000703e00000, size: 4034 MB, Compressed Oops mode: Non-zero based: 0x0000000703e00000
Narrow klass base: 0x0000000000000000, Narrow klass shift: 0

GC Heap History (0 events):
No events

Deoptimization events (0 events):
No events

Classes redefined (0 events):
No events

Internal exceptions (0 events):
No events

Events (0 events):
No events


Dynamic libraries:
0x00007ff73aa20000 - 0x00007ff73aa2f000 	C:\Program Files\Java\jdk-11.0.14\bin\javaw.exe
0x00007ffd94ec0000 - 0x00007ffd950c9000 	C:\WINDOWS\SYSTEM32\ntdll.dll
0x00007ffd93ab0000 - 0x00007ffd93b6d000 	C:\WINDOWS\System32\KERNEL32.DLL
0x00007ffd92780000 - 0x00007ffd92af9000 	C:\WINDOWS\System32\KERNELBASE.dll
0x00007ffd92b00000 - 0x00007ffd92c11000 	C:\WINDOWS\System32\ucrtbase.dll
0x00007ffd7fe70000 - 0x00007ffd7fe88000 	C:\Program Files\Java\jdk-11.0.14\bin\jli.dll
0x00007ffd89f40000 - 0x00007ffd89f55000 	C:\Program Files\Java\jdk-11.0.14\bin\VCRUNTIME140.dll
0x00007ffd94850000 - 0x00007ffd948fe000 	C:\WINDOWS\System32\ADVAPI32.dll
0x00007ffd93830000 - 0x00007ffd938d3000 	C:\WINDOWS\System32\msvcrt.dll
0x00007ffd93510000 - 0x00007ffd935ae000 	C:\WINDOWS\System32\sechost.dll
0x00007ffd946b0000 - 0x00007ffd947d0000 	C:\WINDOWS\System32\RPCRT4.dll
0x00007ffd93b70000 - 0x00007ffd93d1c000 	C:\WINDOWS\System32\USER32.dll
0x00007ffd92d30000 - 0x00007ffd92d56000 	C:\WINDOWS\System32\win32u.dll
0x00007ffd940a0000 - 0x00007ffd940c9000 	C:\WINDOWS\System32\GDI32.dll
0x00007ffd6a030000 - 0x00007ffd6a2d5000 	C:\WINDOWS\WinSxS\amd64_microsoft.windows.common-controls_6595b64144ccf1df_6.0.22000.120_none_9d947278b86cc467\COMCTL32.dll
0x00007ffd923b0000 - 0x00007ffd924c2000 	C:\WINDOWS\System32\gdi32full.dll
0x00007ffd92c90000 - 0x00007ffd92d2d000 	C:\WINDOWS\System32\msvcp_win.dll
0x00007ffd8a860000 - 0x00007ffd8a86a000 	C:\WINDOWS\SYSTEM32\VERSION.dll
0x00007ffd937e0000 - 0x00007ffd93811000 	C:\WINDOWS\System32\IMM32.DLL
0x00007ffd674b0000 - 0x00007ffd6754b000 	C:\Program Files\Java\jdk-11.0.14\bin\msvcp140.dll
0x00007ffd3b3a0000 - 0x00007ffd3beb6000 	C:\Program Files\Java\jdk-11.0.14\bin\server\jvm.dll
0x00007ffd93740000 - 0x00007ffd93748000 	C:\WINDOWS\System32\PSAPI.DLL
0x00007ffd78740000 - 0x00007ffd78749000 	C:\WINDOWS\SYSTEM32\WSOCK32.dll
0x00007ffd8b8a0000 - 0x00007ffd8b8d3000 	C:\WINDOWS\SYSTEM32\WINMM.dll
0x00007ffd94910000 - 0x00007ffd9497f000 	C:\WINDOWS\System32\WS2_32.dll
0x00007ffd915a0000 - 0x00007ffd915b8000 	C:\WINDOWS\SYSTEM32\kernel.appcore.dll
0x00007ffd8d570000 - 0x00007ffd8d580000 	C:\Program Files\Java\jdk-11.0.14\bin\verify.dll
0x00007ffd8f8d0000 - 0x00007ffd8faf1000 	C:\WINDOWS\SYSTEM32\DBGHELP.DLL
0x00007ffd739a0000 - 0x00007ffd739d1000 	C:\WINDOWS\SYSTEM32\dbgcore.DLL
0x00007ffd924d0000 - 0x00007ffd9254f000 	C:\WINDOWS\System32\bcryptPrimitives.dll
0x00007ffd784e0000 - 0x00007ffd78508000 	C:\Program Files\Java\jdk-11.0.14\bin\java.dll
0x00007ffd8a4e0000 - 0x00007ffd8a4ea000 	C:\Program Files\Java\jdk-11.0.14\bin\jimage.dll
0x00007ffd7a3d0000 - 0x00007ffd7a3e6000 	C:\Program Files\Java\jdk-11.0.14\bin\zip.dll

dbghelp: loaded successfully - version: 4.0.5 - missing functions: none
symbol engine: initialized successfully - sym options: 0x614 - pdb path: .;C:\Program Files\Java\jdk-11.0.14\bin;C:\WINDOWS\SYSTEM32;C:\WINDOWS\WinSxS\amd64_microsoft.windows.common-controls_6595b64144ccf1df_6.0.22000.120_none_9d947278b86cc467;C:\Program Files\Java\jdk-11.0.14\bin\server

VM Arguments:
jvm_args: -Dfile.encoding=MS949 
java_command: rentalShop.UI
java_class_path (initial): C:\Java\JavaFinalPj\RentalShop\bin
Launcher Type: SUN_STANDARD

[Global flags]
     intx CICompilerCount                          = 4                                         {product} {ergonomic}
     uint ConcGCThreads                            = 2                                         {product} {ergonomic}
     uint G1ConcRefinementThreads                  = 8                                         {product} {ergonomic}
   size_t G1HeapRegionSize                         = 1048576                                   {product} {ergonomic}
    uintx GCDrainStackTargetSize                   = 64                                        {product} {ergonomic}
   size_t InitialHeapSize                          = 266338304                                 {product} {ergonomic}
   size_t MarkStackSize                            = 4194304                                   {product} {ergonomic}
   size_t MaxHeapSize                              = 4229955584                                {product} {ergonomic}
   size_t MinHeapDeltaBytes                        = 1048576                                   {product} {ergonomic}
    uintx NonNMethodCodeHeapSize                   = 5836300                                {pd product} {ergonomic}
    uintx NonProfiledCodeHeapSize                  = 122910970                              {pd product} {ergonomic}
    uintx ProfiledCodeHeapSize                     = 122910970                              {pd product} {ergonomic}
    uintx ReservedCodeCacheSize                    = 251658240                              {pd product} {ergonomic}
     bool SegmentedCodeCache                       = true                                      {product} {ergonomic}
     bool UseCompressedClassPointers               = true                                 {lp64_product} {ergonomic}
     bool UseCompressedOops                        = true                                 {lp64_product} {ergonomic}
     bool UseG1GC                                  = true                                      {product} {ergonomic}
     bool UseLargePagesIndividualAllocation        = false                                  {pd product} {ergonomic}

Logging:
Log output configuration:
 #0: stdout all=warning uptime,level,tags
 #1: stderr all=off uptime,level,tags

Environment Variables:
JAVA_HOME=C:\Program Files\Java\jdk-11.0.14
CLASSPATH=%classpath%;.
PATH=C:\Program Files\Common Files\Oracle\Java\javapath;C:\WINDOWS\system32;C:\WINDOWS;C:\WINDOWS\System32\Wbem;C:\WINDOWS\System32\WindowsPowerShell\v1.0\;C:\WINDOWS\System32\OpenSSH\;C:\Program Files\dotnet\;C:\Program Files\nodejs\;C:\Program Files\Java\jdk-11.0.14\bin;C:\Users\luna2\AppData\Local\Programs\Python\Python39\Scripts\;C:\Users\luna2\AppData\Local\Programs\Python\Python39\;C:\Users\luna2\AppData\Local\Microsoft\WindowsApps;C:\Users\luna2\AppData\Local\GitHubDesktop\bin;C:\Users\luna2\AppData\Local\Programs\Microsoft VS Code\bin;C:\Users\luna2\.dotnet\tools;C:\Users\luna2\AppData\Roaming\npm;C:\Users\luna2\AppData\Local\atom\bin;
USERNAME=luna2
OS=Windows_NT
PROCESSOR_IDENTIFIER=Intel64 Family 6 Model 142 Stepping 12, GenuineIntel



---------------  S Y S T E M  ---------------

OS: Windows 11 , 64 bit Build 22000 (10.0.22000.675)

CPU:total 8 (initial active 8) (4 cores per cpu, 2 threads per core) family 6 model 142 stepping 12 microcode 0xde, cmov, cx8, fxsr, mmx, sse, sse2, sse3, ssse3, sse4.1, sse4.2, popcnt, avx, avx2, aes, clmul, erms, 3dnowpref, lzcnt, ht, tsc, tscinvbit, bmi1, bmi2, adx, fma

Memory: 4k page, system-wide physical 16134M (8133M free)
TotalPageFile size 20328M (AvailPageFile size 92M)
current process WorkingSet (physical memory assigned to process): 10M, peak: 10M
current process commit charge ("private bytes"): 60M, peak: 314M

vm_info: Java HotSpot(TM) 64-Bit Server VM (11.0.14+8-LTS-263) for windows-amd64 JRE (11.0.14+8-LTS-263), built on Dec  7 2021 21:53:57 by "mach5one" with MS VC++ 15.9 (VS2017)

END.
